  [4;36;1mSQL (0.3ms)[0m   [0;1m SELECT name
 FROM sqlite_master
 WHERE type = 'table' AND NOT name = 'sqlite_sequence'
[0m
  [4;35;1mSQL (19.6ms)[0m   [0mselect sqlite_version(*)[0m
  [4;36;1mSQL (3.0ms)[0m   [0;1mCREATE TABLE "schema_migrations" ("version" varchar(255) NOT NULL) [0m
  [4;35;1mSQL (1.9ms)[0m   [0mCREATE UNIQUE INDEX "unique_schema_migrations" ON "schema_migrations" ("version")[0m
  [4;36;1mSQL (0.2ms)[0m   [0;1m SELECT name
 FROM sqlite_master
 WHERE type = 'table' AND NOT name = 'sqlite_sequence'
[0m
  [4;35;1mSQL (0.1ms)[0m   [0mSELECT version FROM schema_migrations[0m
Migrating to CreateChains (20090607165139)
  [4;36;1mSQL (0.8ms)[0m   [0;1mCREATE TABLE "chains" ("id" INTEGER PRIMARY KEY AUTOINCREMENT NOT NULL, "title" varchar(255), "description" varchar(255), "created_at" datetime, "updated_at" datetime) [0m
  [4;35;1mSQL (0.2ms)[0m   [0mINSERT INTO schema_migrations (version) VALUES ('20090607165139')[0m
Migrating to CreateStores (20090607165227)
  [4;36;1mSQL (0.6ms)[0m   [0;1mCREATE TABLE "stores" ("id" INTEGER PRIMARY KEY AUTOINCREMENT NOT NULL, "title" varchar(255), "description" varchar(255), "latitude" float, "longitude" float, "chain_id" integer, "created_at" datetime, "updated_at" datetime) [0m
  [4;35;1mSQL (0.2ms)[0m   [0mINSERT INTO schema_migrations (version) VALUES ('20090607165227')[0m
  [4;36;1mSQL (0.4ms)[0m   [0;1m SELECT name
 FROM sqlite_master
 WHERE type = 'table' AND NOT name = 'sqlite_sequence'
[0m
  [4;35;1mSQL (0.2ms)[0m   [0mSELECT version FROM schema_migrations[0m
  [4;36;1mSQL (0.3ms)[0m   [0;1m SELECT name
 FROM sqlite_master
 WHERE type = 'table' AND NOT name = 'sqlite_sequence'
[0m
  [4;35;1mSQL (0.1ms)[0m   [0mPRAGMA index_list("chains")[0m
  [4;36;1mSQL (0.1ms)[0m   [0;1mPRAGMA index_list("stores")[0m


Processing ChainsController#index (for 127.0.0.1 at 2009-06-07 18:52:52) [GET]
  [4;36;1mChain Load (0.5ms)[0m   [0;1mSELECT * FROM "chains" [0m
Rendering template within layouts/chains
Rendering chains/index
Completed in 83ms (View: 78, DB: 0) | 200 OK [http://localhost/chains]


Processing ChainsController#new (for 127.0.0.1 at 2009-06-07 18:52:54) [GET]
Rendering template within layouts/chains
Rendering chains/new
Completed in 12ms (View: 7, DB: 0) | 200 OK [http://localhost/chains/new]


Processing ChainsController#create (for 127.0.0.1 at 2009-06-07 18:54:25) [POST]
  Parameters: {"chain"=>{"title"=>"Nandos", "description"=>"Nandos Chicken!"}, "commit"=>"Create", "authenticity_token"=>"jjj5r0EwKqKsDJ54FJ4+CwV5+3AgIwiF5OMcARdNzJA="}
  [4;35;1mChain Create (0.6ms)[0m   [0mINSERT INTO "chains" ("updated_at", "title", "description", "created_at") VALUES('2009-06-07 16:54:25', 'Nandos', 'Nandos Chicken!', '2009-06-07 16:54:25')[0m
Redirected to http://localhost:3000/chains/1
Completed in 110ms (DB: 1) | 302 Found [http://localhost/chains]


Processing ChainsController#show (for 127.0.0.1 at 2009-06-07 18:54:25) [GET]
  Parameters: {"id"=>"1"}
  [4;36;1mChain Load (0.2ms)[0m   [0;1mSELECT * FROM "chains" WHERE ("chains"."id" = 1) [0m
Rendering template within layouts/chains
Rendering chains/show
Completed in 11ms (View: 5, DB: 0) | 200 OK [http://localhost/chains/1]


Processing ChainsController#1 (for 127.0.0.1 at 2009-06-07 18:54:31) [GET]
  Parameters: {"id"=>"stores"}

ActionController::UnknownAction (No action responded to 1. Actions: create, destroy, edit, index, new, show, and update):
  

Rendering rescues/layout (not_found)


Processing ChainsController#1 (for 127.0.0.1 at 2009-06-07 18:55:35) [GET]
  Parameters: {"id"=>"stores"}

ActionController::UnknownAction (No action responded to 1. Actions: create, destroy, edit, index, new, show, and update):
  

Rendering rescues/layout (not_found)


Processing StoresController#index (for 127.0.0.1 at 2009-06-07 18:56:08) [GET]
  Parameters: {"chain_id"=>"1"}
  [4;36;1mStore Load (0.7ms)[0m   [0;1mSELECT * FROM "stores" [0m
Rendering template within layouts/stores
Rendering stores/index
Completed in 70ms (View: 13, DB: 1) | 200 OK [http://localhost/chains/1/stores]


Processing StoresController#new (for 127.0.0.1 at 2009-06-07 18:56:10) [GET]
Rendering template within layouts/stores
Rendering stores/new
Completed in 15ms (View: 9, DB: 0) | 200 OK [http://localhost/stores/new]


Processing StoresController#create (for 127.0.0.1 at 2009-06-07 18:56:30) [POST]
  Parameters: {"commit"=>"Create", "authenticity_token"=>"jjj5r0EwKqKsDJ54FJ4+CwV5+3AgIwiF5OMcARdNzJA=", "store"=>{"chain"=>"", "latitude"=>"", "title"=>"Sunninghill", "description"=>"Sunninghill Nandos", "longitude"=>""}}

ActiveRecord::AssociationTypeMismatch (Chain(#18340990) expected, got String(#113650)):
  app/controllers/stores_controller.rb:43:in `new'
  app/controllers/stores_controller.rb:43:in `create'

Rendered rescues/_trace (43.9ms)
Rendered rescues/_request_and_response (16.0ms)
Rendering rescues/layout (internal_server_error)


Processing StoresController#new (for 127.0.0.1 at 2009-06-07 18:56:51) [GET]
Rendering template within layouts/stores
Rendering stores/new
Completed in 14ms (View: 8, DB: 0) | 200 OK [http://localhost/stores/new]


Processing ChainsController#index (for 127.0.0.1 at 2009-06-07 20:05:24) [GET]
  [4;35;1mChain Load (73.8ms)[0m   [0mSELECT * FROM "chains" [0m
Rendering template within layouts/application
Rendering chains/index
Completed in 149ms (View: 70, DB: 74) | 200 OK [http://localhost/]


Processing ApplicationController#index (for 127.0.0.1 at 2009-06-07 20:05:24) [GET]

ActionController::RoutingError (No route matches "/stylesheets/scaffold.css" with {:method=>:get}):
  

Rendering rescues/layout (not_found)


Processing ChainsController#index (for 127.0.0.1 at 2009-06-07 20:05:37) [GET]
  [4;36;1mChain Load (0.6ms)[0m   [0;1mSELECT * FROM "chains" [0m
Rendering template within layouts/application
Rendering chains/index
Completed in 14ms (View: 7, DB: 1) | 200 OK [http://localhost/]


Processing ApplicationController#index (for 127.0.0.1 at 2009-06-07 20:05:37) [GET]

ActionController::RoutingError (No route matches "/stylesheets/scaffold.css" with {:method=>:get}):
  

Rendering rescues/layout (not_found)


Processing ChainsController#index (for 127.0.0.1 at 2009-06-07 20:05:46) [GET]
  [4;35;1mChain Load (0.5ms)[0m   [0mSELECT * FROM "chains" [0m
Rendering template within layouts/application
Rendering chains/index
Completed in 12ms (View: 7, DB: 0) | 200 OK [http://localhost/]


Processing ChainsController#index (for 127.0.0.1 at 2009-06-07 20:10:21) [GET]
  [4;36;1mChain Load (0.5ms)[0m   [0;1mSELECT * FROM "chains" [0m
Rendering template within layouts/application
Rendering chains/index

ActionView::TemplateError (can't convert Hash into String) on line #13 of app/views/layouts/application.html.erb:
10: <body>
11: 	<div id="container">
12: 		<div id="header">
13: 			<%= image_tag :src => 'logo.png' %>
14: 		</div>
15: 	</div>
16: 

    app/views/layouts/application.html.erb:13
    app/controllers/chains_controller.rb:7:in `index'

Rendered rescues/_trace (56.1ms)
Rendered rescues/_request_and_response (0.3ms)
Rendering rescues/layout (internal_server_error)


Processing ChainsController#index (for 127.0.0.1 at 2009-06-07 20:10:31) [GET]
  [4;35;1mChain Load (0.6ms)[0m   [0mSELECT * FROM "chains" [0m
Rendering template within layouts/application
Rendering chains/index
Completed in 102ms (View: 8, DB: 1) | 200 OK [http://localhost/]


Processing ChainsController#index (for 127.0.0.1 at 2009-06-07 20:10:56) [GET]
  [4;36;1mChain Load (0.5ms)[0m   [0;1mSELECT * FROM "chains" [0m
Rendering template within layouts/application
Rendering chains/index
Completed in 9ms (View: 4, DB: 0) | 200 OK [http://localhost/]


Processing ChainsController#index (for 127.0.0.1 at 2009-06-07 20:11:24) [GET]
  [4;35;1mChain Load (0.5ms)[0m   [0mSELECT * FROM "chains" [0m
Rendering template within layouts/application
Rendering chains/index
Completed in 9ms (View: 4, DB: 1) | 200 OK [http://localhost/]


Processing ChainsController#show (for 127.0.0.1 at 2009-06-07 20:11:37) [GET]
  Parameters: {"id"=>"1"}
  [4;36;1mChain Load (0.2ms)[0m   [0;1mSELECT * FROM "chains" WHERE ("chains"."id" = 1) [0m
Rendering template within layouts/application
Rendering chains/show
Completed in 19ms (View: 13, DB: 0) | 200 OK [http://localhost/chains/1]


Processing ChainsController#index (for 127.0.0.1 at 2009-06-07 20:11:39) [GET]
  [4;35;1mChain Load (0.5ms)[0m   [0mSELECT * FROM "chains" [0m
Rendering template within layouts/application
Rendering chains/index
Completed in 10ms (View: 5, DB: 0) | 200 OK [http://localhost/chains]


Processing ChainsController#index (for 127.0.0.1 at 2009-06-07 20:11:57) [GET]
  [4;36;1mChain Load (0.5ms)[0m   [0;1mSELECT * FROM "chains" [0m
Rendering template within layouts/application
Rendering chains/index
Completed in 9ms (View: 4, DB: 0) | 200 OK [http://localhost/chains]


Processing ChainsController#index (for 127.0.0.1 at 2009-06-07 20:12:15) [GET]
  [4;35;1mChain Load (0.5ms)[0m   [0mSELECT * FROM "chains" [0m
Rendering template within layouts/application
Rendering chains/index
Completed in 9ms (View: 4, DB: 0) | 200 OK [http://localhost/chains]


Processing ChainsController#index (for 127.0.0.1 at 2009-06-07 20:12:36) [GET]
  [4;36;1mChain Load (0.5ms)[0m   [0;1mSELECT * FROM "chains" [0m
Rendering template within layouts/application
Rendering chains/index
Completed in 9ms (View: 4, DB: 0) | 200 OK [http://localhost/chains]


Processing ChainsController#index (for 127.0.0.1 at 2009-06-07 20:13:39) [GET]
  [4;35;1mChain Load (0.5ms)[0m   [0mSELECT * FROM "chains" [0m
Rendering template within layouts/application
Rendering chains/index
Completed in 13ms (View: 8, DB: 0) | 200 OK [http://localhost/chains]


Processing ChainsController#index (for 127.0.0.1 at 2009-06-07 20:13:56) [GET]
  [4;36;1mChain Load (0.5ms)[0m   [0;1mSELECT * FROM "chains" [0m
Rendering template within layouts/application
Rendering chains/index
Completed in 9ms (View: 4, DB: 0) | 200 OK [http://localhost/chains]


Processing ChainsController#index (for 127.0.0.1 at 2009-06-07 20:15:43) [GET]
  [4;35;1mChain Load (0.5ms)[0m   [0mSELECT * FROM "chains" [0m
Rendering template within layouts/application
Rendering chains/index
Completed in 12ms (View: 7, DB: 1) | 200 OK [http://localhost/chains]


Processing ChainsController#index (for 127.0.0.1 at 2009-06-07 20:16:06) [GET]
  [4;36;1mChain Load (0.5ms)[0m   [0;1mSELECT * FROM "chains" [0m
Rendering template within layouts/application
Rendering chains/index
Completed in 9ms (View: 4, DB: 0) | 200 OK [http://localhost/chains]


Processing ChainsController#index (for 127.0.0.1 at 2009-06-07 20:16:34) [GET]
  [4;35;1mChain Load (0.5ms)[0m   [0mSELECT * FROM "chains" [0m
Rendering template within layouts/application
Rendering chains/index
Completed in 10ms (View: 4, DB: 0) | 200 OK [http://localhost/chains]


Processing ChainsController#index (for 127.0.0.1 at 2009-06-07 20:16:58) [GET]
  [4;36;1mChain Load (0.5ms)[0m   [0;1mSELECT * FROM "chains" [0m
Rendering template within layouts/application
Rendering chains/index
Completed in 13ms (View: 7, DB: 1) | 200 OK [http://localhost/chains]


Processing ChainsController#index (for 127.0.0.1 at 2009-06-07 20:17:04) [GET]
  [4;35;1mChain Load (0.5ms)[0m   [0mSELECT * FROM "chains" [0m
Rendering template within layouts/application
Rendering chains/index
Completed in 13ms (View: 8, DB: 0) | 200 OK [http://localhost/chains]


Processing ChainsController#index (for 127.0.0.1 at 2009-06-07 20:17:24) [GET]
  [4;36;1mChain Load (0.5ms)[0m   [0;1mSELECT * FROM "chains" [0m
Rendering template within layouts/application
Rendering chains/index
Completed in 12ms (View: 7, DB: 1) | 200 OK [http://localhost/chains]


Processing ChainsController#index (for 127.0.0.1 at 2009-06-07 20:18:21) [GET]
  [4;35;1mChain Load (0.5ms)[0m   [0mSELECT * FROM "chains" [0m
Rendering template within layouts/application
Rendering chains/index
Completed in 9ms (View: 4, DB: 1) | 200 OK [http://localhost/chains]


Processing ChainsController#index (for 127.0.0.1 at 2009-06-07 20:18:43) [GET]
  [4;36;1mChain Load (0.5ms)[0m   [0;1mSELECT * FROM "chains" [0m
Rendering template within layouts/application
Rendering chains/index
Completed in 10ms (View: 4, DB: 1) | 200 OK [http://localhost/chains]


Processing StoresController#new (for 127.0.0.1 at 2009-06-07 20:19:13) [GET]
Rendering template within layouts/application
Rendering stores/new
Completed in 9ms (View: 4, DB: 0) | 200 OK [http://localhost/stores/new]


Processing StoresController#new (for 127.0.0.1 at 2009-06-07 20:19:37) [GET]
Rendering template within layouts/application
Rendering stores/new
Completed in 12ms (View: 7, DB: 0) | 200 OK [http://localhost/stores/new]


Processing ChainsController#index (for 127.0.0.1 at 2009-06-07 20:19:57) [GET]
  [4;35;1mChain Load (0.5ms)[0m   [0mSELECT * FROM "chains" [0m
Rendering template within layouts/application
Rendering chains/index
Completed in 123ms (View: 118, DB: 0) | 200 OK [http://localhost/chains]


Processing ChainsController#index (for 127.0.0.1 at 2009-06-07 20:20:16) [GET]
  [4;36;1mChain Load (0.5ms)[0m   [0;1mSELECT * FROM "chains" [0m
Rendering template within layouts/application
Rendering chains/index
Completed in 10ms (View: 4, DB: 1) | 200 OK [http://localhost/chains]


Processing ChainsController#show (for 127.0.0.1 at 2009-06-07 20:20:18) [GET]
  Parameters: {"id"=>"1"}
  [4;35;1mChain Load (0.2ms)[0m   [0mSELECT * FROM "chains" WHERE ("chains"."id" = 1) [0m
Rendering template within layouts/application
Rendering chains/show
Completed in 10ms (View: 3, DB: 0) | 200 OK [http://localhost/chains/1]


Processing ChainsController#index (for 127.0.0.1 at 2009-06-07 20:23:32) [GET]
  [4;36;1mChain Load (0.8ms)[0m   [0;1mSELECT * FROM "chains" [0m
Rendering template within layouts/application
Rendering chains/index
Completed in 23ms (View: 14, DB: 1) | 200 OK [http://localhost/chains]


Processing ChainsController#index (for 127.0.0.1 at 2009-06-07 20:25:11) [GET]
  [4;35;1mChain Load (0.5ms)[0m   [0mSELECT * FROM "chains" [0m
Rendering template within layouts/application
Rendering chains/index
Completed in 9ms (View: 4, DB: 0) | 200 OK [http://localhost/chains]


Processing ChainsController#index (for 127.0.0.1 at 2009-06-07 20:28:48) [GET]
  [4;36;1mChain Load (0.5ms)[0m   [0;1mSELECT * FROM "chains" [0m
Rendering template within layouts/application
Rendering chains/index
Completed in 12ms (View: 7, DB: 0) | 200 OK [http://localhost/chains]


Processing ChainsController#index (for 127.0.0.1 at 2009-06-07 20:28:57) [GET]
  [4;35;1mChain Load (0.5ms)[0m   [0mSELECT * FROM "chains" [0m
Rendering template within layouts/application
Rendering chains/index
Completed in 9ms (View: 4, DB: 0) | 200 OK [http://localhost/chains]


Processing ChainsController#index (for 127.0.0.1 at 2009-06-07 20:42:02) [GET]
  [4;36;1mChain Load (0.8ms)[0m   [0;1mSELECT * FROM "chains" [0m
Rendering template within layouts/application
Rendering chains/index
Completed in 122ms (View: 77, DB: 1) | 200 OK [http://localhost/chains]


Processing ChainsController#index (for 127.0.0.1 at 2009-06-07 20:42:18) [GET]
  [4;35;1mChain Load (0.5ms)[0m   [0mSELECT * FROM "chains" [0m
Rendering template within layouts/application
Rendering chains/index
Completed in 12ms (View: 7, DB: 0) | 200 OK [http://localhost/chains]


Processing ChainsController#index (for 127.0.0.1 at 2009-06-07 20:42:46) [GET]
  [4;36;1mChain Load (0.5ms)[0m   [0;1mSELECT * FROM "chains" [0m
Rendering template within layouts/application
Rendering chains/index

ActionView::TemplateError (undefined method `created' for #<Chain:0x23d53cc>) on line #8 of app/views/chains/index.html.erb:
5:   <li>
6: 	<h3><%= link_to h(chain.title), chain %></h3>
7: 	<p><%= h chain.description %></p>
8: 	<small><%= time_ago_in_words(chain.created)%></small>
9:   </li>
10: <% end %>
11: </ul>

    app/views/chains/index.html.erb:8
    app/views/chains/index.html.erb:4:in `each'
    app/views/chains/index.html.erb:4
    app/controllers/chains_controller.rb:7:in `index'

Rendered rescues/_trace (49.7ms)
Rendered rescues/_request_and_response (1.6ms)
Rendering rescues/layout (internal_server_error)


Processing ChainsController#index (for 127.0.0.1 at 2009-06-07 20:42:49) [GET]
  [4;35;1mChain Load (0.5ms)[0m   [0mSELECT * FROM "chains" [0m
Rendering template within layouts/application
Rendering chains/index
Completed in 277ms (View: 269, DB: 1) | 200 OK [http://localhost/chains]


Processing ChainsController#index (for 127.0.0.1 at 2009-06-07 20:42:57) [GET]
  [4;36;1mChain Load (0.5ms)[0m   [0;1mSELECT * FROM "chains" [0m
Rendering template within layouts/application
Rendering chains/index
Completed in 90ms (View: 9, DB: 1) | 200 OK [http://localhost/chains]


Processing ChainsController#new (for 127.0.0.1 at 2009-06-07 20:43:02) [GET]
Rendering template within layouts/application
Rendering chains/new
Completed in 34ms (View: 29, DB: 0) | 200 OK [http://localhost/chains/new]


Processing ChainsController#index (for 127.0.0.1 at 2009-06-07 20:53:34) [GET]
  [4;36;1mChain Load (0.6ms)[0m   [0;1mSELECT * FROM "chains" [0m
Rendering template within layouts/application
Rendering chains/index
Completed in 117ms (View: 104, DB: 1) | 200 OK [http://localhost/chains]


Processing ChainsController#index (for 127.0.0.1 at 2009-06-07 20:54:04) [GET]
  [4;35;1mChain Load (0.5ms)[0m   [0mSELECT * FROM "chains" [0m
Rendering template within layouts/application
Rendering chains/index
Completed in 11ms (View: 6, DB: 0) | 200 OK [http://localhost/chains]


Processing ChainsController#index (for 127.0.0.1 at 2009-06-07 20:54:37) [GET]
  [4;36;1mChain Load (0.5ms)[0m   [0;1mSELECT * FROM "chains" [0m
Rendering template within layouts/application
Rendering chains/index
Completed in 14ms (View: 9, DB: 0) | 200 OK [http://localhost/chains]


Processing ChainsController#index (for 127.0.0.1 at 2009-06-07 20:59:10) [GET]
  [4;35;1mChain Load (0.5ms)[0m   [0mSELECT * FROM "chains" [0m
Rendering template within layouts/application
Rendering chains/index
Completed in 11ms (View: 6, DB: 0) | 200 OK [http://localhost/chains]


Processing ChainsController#index (for 192.168.0.106 at 2009-06-07 21:22:39) [GET]
  [4;36;1mChain Load (0.9ms)[0m   [0;1mSELECT * FROM "chains" [0m
Rendering template within layouts/application
Rendering chains/index
Completed in 111ms (View: 104, DB: 1) | 200 OK [http://192.168.0.139/]


Processing ChainsController#show (for 192.168.0.106 at 2009-06-07 21:23:03) [GET]
  Parameters: {"id"=>"1"}
  [4;35;1mChain Load (0.3ms)[0m   [0mSELECT * FROM "chains" WHERE ("chains"."id" = 1) [0m
Rendering template within layouts/application
Rendering chains/show
Completed in 15ms (View: 7, DB: 0) | 200 OK [http://192.168.0.139/chains/1]


Processing ChainsController#edit (for 192.168.0.106 at 2009-06-07 21:23:14) [GET]
  Parameters: {"id"=>"1"}
  [4;36;1mChain Load (0.3ms)[0m   [0;1mSELECT * FROM "chains" WHERE ("chains"."id" = 1) [0m
Rendering template within layouts/application
Rendering chains/edit
Completed in 92ms (View: 84, DB: 0) | 200 OK [http://192.168.0.139/chains/1/edit]


Processing ChainsController#index (for 192.168.0.106 at 2009-06-07 21:23:31) [GET]
  [4;35;1mChain Load (0.6ms)[0m   [0mSELECT * FROM "chains" [0m
Rendering template within layouts/application
Rendering chains/index
Completed in 15ms (View: 7, DB: 1) | 200 OK [http://192.168.0.139/chains]


Processing ChainsController#index (for 127.0.0.1 at 2009-06-07 21:27:17) [GET]
  [4;36;1mChain Load (0.5ms)[0m   [0;1mSELECT * FROM "chains" [0m
Rendering template within layouts/application
Rendering chains/index
Completed in 11ms (View: 6, DB: 0) | 200 OK [http://localhost/chains]


Processing ChainsController#index (for 127.0.0.1 at 2009-06-07 21:28:20) [GET]
  [4;35;1mChain Load (0.5ms)[0m   [0mSELECT * FROM "chains" [0m
Rendering template within layouts/application
Rendering chains/index
Completed in 12ms (View: 6, DB: 0) | 200 OK [http://localhost/chains]


Processing ChainsController#index (for 127.0.0.1 at 2009-06-07 21:28:32) [GET]
  [4;36;1mChain Load (0.5ms)[0m   [0;1mSELECT * FROM "chains" [0m
Rendering template within layouts/application
Rendering chains/index
Completed in 12ms (View: 6, DB: 0) | 200 OK [http://localhost/chains]


Processing ChainsController#index (for 127.0.0.1 at 2009-06-07 21:28:38) [GET]
  [4;35;1mChain Load (0.5ms)[0m   [0mSELECT * FROM "chains" [0m
Rendering template within layouts/application
Rendering chains/index
Completed in 12ms (View: 7, DB: 1) | 200 OK [http://localhost/chains]


Processing ChainsController#index (for 127.0.0.1 at 2009-06-07 21:28:53) [GET]
  [4;36;1mChain Load (0.5ms)[0m   [0;1mSELECT * FROM "chains" [0m
Rendering template within layouts/application
Rendering chains/index
Completed in 12ms (View: 6, DB: 0) | 200 OK [http://localhost/chains]


Processing ChainsController#index (for 127.0.0.1 at 2009-06-07 21:29:09) [GET]
  [4;35;1mChain Load (0.8ms)[0m   [0mSELECT * FROM "chains" [0m
Rendering template within layouts/application
Rendering chains/index
Completed in 15ms (View: 8, DB: 1) | 200 OK [http://localhost/chains]


Processing ChainsController#index (for 127.0.0.1 at 2009-06-07 21:29:38) [GET]
  [4;36;1mChain Load (0.6ms)[0m   [0;1mSELECT * FROM "chains" [0m
Rendering template within layouts/application
Rendering chains/index
Completed in 19ms (View: 12, DB: 1) | 200 OK [http://localhost/chains]


Processing ChainsController#index (for 127.0.0.1 at 2009-06-07 21:30:33) [GET]
  [4;35;1mChain Load (0.6ms)[0m   [0mSELECT * FROM "chains" [0m
Rendering template within layouts/application
Rendering chains/index
Completed in 19ms (View: 12, DB: 1) | 200 OK [http://localhost/chains]


Processing ChainsController#index (for 127.0.0.1 at 2009-06-07 21:30:41) [GET]
  [4;36;1mChain Load (0.5ms)[0m   [0;1mSELECT * FROM "chains" [0m
Rendering template within layouts/application
Rendering chains/index
Completed in 11ms (View: 6, DB: 0) | 200 OK [http://localhost/chains]


Processing ChainsController#index (for 127.0.0.1 at 2009-06-07 21:30:51) [GET]
  [4;35;1mChain Load (0.5ms)[0m   [0mSELECT * FROM "chains" [0m
Rendering template within layouts/application
Rendering chains/index
Completed in 11ms (View: 6, DB: 0) | 200 OK [http://localhost/chains]


Processing ChainsController#index (for 127.0.0.1 at 2009-06-07 21:30:57) [GET]
  [4;36;1mChain Load (0.5ms)[0m   [0;1mSELECT * FROM "chains" [0m
Rendering template within layouts/application
Rendering chains/index
Completed in 12ms (View: 6, DB: 0) | 200 OK [http://localhost/chains]


Processing ChainsController#index (for 127.0.0.1 at 2009-06-07 21:31:05) [GET]
  [4;35;1mChain Load (0.5ms)[0m   [0mSELECT * FROM "chains" [0m
Rendering template within layouts/application
Rendering chains/index
Completed in 11ms (View: 5, DB: 0) | 200 OK [http://localhost/chains]


Processing ChainsController#index (for 127.0.0.1 at 2009-06-07 21:31:30) [GET]
  [4;36;1mChain Load (0.5ms)[0m   [0;1mSELECT * FROM "chains" [0m
Rendering template within layouts/application
Rendering chains/index
Completed in 11ms (View: 6, DB: 0) | 200 OK [http://localhost/chains]


Processing ChainsController#index (for 127.0.0.1 at 2009-06-07 21:31:34) [GET]
  [4;35;1mChain Load (0.5ms)[0m   [0mSELECT * FROM "chains" [0m
Rendering template within layouts/application
Rendering chains/index
Completed in 12ms (View: 6, DB: 0) | 200 OK [http://localhost/chains]


Processing ChainsController#index (for 127.0.0.1 at 2009-06-07 21:31:47) [GET]
  [4;36;1mChain Load (0.7ms)[0m   [0;1mSELECT * FROM "chains" [0m
Rendering template within layouts/application
Rendering chains/index
Completed in 15ms (View: 7, DB: 1) | 200 OK [http://localhost/chains]


Processing ChainsController#index (for 127.0.0.1 at 2009-06-07 21:31:52) [GET]
  [4;35;1mChain Load (0.5ms)[0m   [0mSELECT * FROM "chains" [0m
Rendering template within layouts/application
Rendering chains/index
Completed in 11ms (View: 6, DB: 0) | 200 OK [http://localhost/chains]


Processing ChainsController#index (for 127.0.0.1 at 2009-06-07 21:32:45) [GET]
  [4;36;1mChain Load (0.5ms)[0m   [0;1mSELECT * FROM "chains" [0m
Rendering template within layouts/application
Rendering chains/index
Completed in 11ms (View: 6, DB: 0) | 200 OK [http://localhost/chains]


Processing ChainsController#index (for 192.168.0.106 at 2009-06-07 21:33:22) [GET]
  [4;35;1mChain Load (0.6ms)[0m   [0mSELECT * FROM "chains" [0m
Rendering template within layouts/application
Rendering chains/index
Completed in 15ms (View: 8, DB: 1) | 200 OK [http://192.168.0.139/chains]


Processing ChainsController#index (for 127.0.0.1 at 2009-06-07 21:34:13) [GET]
  [4;36;1mChain Load (0.5ms)[0m   [0;1mSELECT * FROM "chains" [0m
Rendering template within layouts/application
Rendering chains/index
Completed in 11ms (View: 5, DB: 0) | 200 OK [http://localhost/chains]


Processing ChainsController#index (for 127.0.0.1 at 2009-06-07 21:34:46) [GET]
  [4;35;1mChain Load (0.6ms)[0m   [0mSELECT * FROM "chains" [0m
Rendering template within layouts/application
Rendering chains/index
Completed in 17ms (View: 11, DB: 1) | 200 OK [http://localhost/chains]


Processing ChainsController#index (for 127.0.0.1 at 2009-06-07 21:35:26) [GET]
  [4;36;1mChain Load (0.5ms)[0m   [0;1mSELECT * FROM "chains" [0m
Rendering template within layouts/application
Rendering chains/index
Completed in 11ms (View: 6, DB: 0) | 200 OK [http://localhost/chains]


Processing ChainsController#index (for 127.0.0.1 at 2009-06-07 21:38:03) [GET]
  [4;35;1mChain Load (0.5ms)[0m   [0mSELECT * FROM "chains" [0m
Rendering template within layouts/application
Rendering chains/index
Completed in 12ms (View: 7, DB: 0) | 200 OK [http://localhost/chains]


Processing ChainsController#index (for 127.0.0.1 at 2009-06-07 21:38:29) [GET]
  [4;36;1mChain Load (0.5ms)[0m   [0;1mSELECT * FROM "chains" [0m
Rendering template within layouts/application
Rendering chains/index
Completed in 11ms (View: 6, DB: 0) | 200 OK [http://localhost/chains]


Processing ChainsController#index (for 127.0.0.1 at 2009-06-07 21:39:20) [GET]
  [4;35;1mChain Load (0.5ms)[0m   [0mSELECT * FROM "chains" [0m
Rendering template within layouts/application
Rendering chains/index
Completed in 11ms (View: 6, DB: 1) | 200 OK [http://localhost/chains]


Processing ChainsController#index (for 127.0.0.1 at 2009-06-07 21:40:05) [GET]
  [4;36;1mChain Load (0.5ms)[0m   [0;1mSELECT * FROM "chains" [0m
Rendering template within layouts/application
Rendering chains/index
Completed in 11ms (View: 6, DB: 0) | 200 OK [http://localhost/chains]


Processing ChainsController#index (for 127.0.0.1 at 2009-06-07 21:40:18) [GET]
  [4;35;1mChain Load (0.5ms)[0m   [0mSELECT * FROM "chains" [0m
Rendering template within layouts/application
Rendering chains/index
Completed in 11ms (View: 6, DB: 0) | 200 OK [http://localhost/chains]


Processing ChainsController#index (for 127.0.0.1 at 2009-06-07 21:41:29) [GET]
  [4;36;1mChain Load (0.5ms)[0m   [0;1mSELECT * FROM "chains" [0m
Rendering template within layouts/application
Rendering chains/index
Completed in 11ms (View: 6, DB: 0) | 200 OK [http://localhost/chains]


Processing ChainsController#index (for 127.0.0.1 at 2009-06-07 21:41:30) [GET]
  [4;35;1mChain Load (0.5ms)[0m   [0mSELECT * FROM "chains" [0m
Rendering template within layouts/application
Rendering chains/index
Completed in 11ms (View: 6, DB: 0) | 200 OK [http://localhost/chains]


Processing ChainsController#index (for 127.0.0.1 at 2009-06-07 21:58:09) [GET]
  [4;36;1mChain Load (0.5ms)[0m   [0;1mSELECT * FROM "chains" [0m
Rendering template within layouts/application
Rendering chains/index
Completed in 15ms (View: 9, DB: 0) | 200 OK [http://localhost/chains]


Processing ChainsController#index (for 127.0.0.1 at 2009-06-07 21:59:44) [GET]
  [4;35;1mChain Load (0.5ms)[0m   [0mSELECT * FROM "chains" [0m
Rendering template within layouts/application
Rendering chains/index
Completed in 38ms (View: 25, DB: 0) | 200 OK [http://localhost/chains]


Processing ChainsController#index (for 127.0.0.1 at 2009-06-07 21:59:50) [GET]
  [4;36;1mChain Load (0.5ms)[0m   [0;1mSELECT * FROM "chains" [0m
Rendering template within layouts/application
Rendering chains/index
Completed in 11ms (View: 6, DB: 0) | 200 OK [http://localhost/chains]


Processing ChainsController#index (for 127.0.0.1 at 2009-06-07 22:00:49) [GET]
  [4;35;1mChain Load (0.5ms)[0m   [0mSELECT * FROM "chains" [0m
Rendering template within layouts/application
Rendering chains/index
Completed in 12ms (View: 6, DB: 0) | 200 OK [http://localhost/chains]


Processing ChainsController#index (for 127.0.0.1 at 2009-06-07 22:01:25) [GET]
  [4;36;1mChain Load (0.5ms)[0m   [0;1mSELECT * FROM "chains" [0m
Rendering template within layouts/application
Rendering chains/index
Completed in 87ms (View: 6, DB: 0) | 200 OK [http://localhost/chains]


Processing ChainsController#index (for 127.0.0.1 at 2009-06-07 22:02:10) [GET]
  [4;35;1mChain Load (0.5ms)[0m   [0mSELECT * FROM "chains" [0m
Rendering template within layouts/application
Rendering chains/index
Completed in 14ms (View: 8, DB: 0) | 200 OK [http://localhost/chains]


Processing ChainsController#index (for 127.0.0.1 at 2009-06-07 22:02:25) [GET]
  [4;36;1mChain Load (0.5ms)[0m   [0;1mSELECT * FROM "chains" [0m
Rendering template within layouts/application
Rendering chains/index
Completed in 11ms (View: 6, DB: 0) | 200 OK [http://localhost/chains]


Processing ChainsController#index (for 127.0.0.1 at 2009-06-07 22:02:32) [GET]
  [4;35;1mChain Load (0.5ms)[0m   [0mSELECT * FROM "chains" [0m
Rendering template within layouts/application
Rendering chains/index
Completed in 12ms (View: 7, DB: 0) | 200 OK [http://localhost/chains]


Processing ChainsController#index (for 127.0.0.1 at 2009-06-07 22:03:07) [GET]
  [4;36;1mChain Load (0.6ms)[0m   [0;1mSELECT * FROM "chains" [0m
Rendering template within layouts/application
Rendering chains/index
Completed in 13ms (View: 6, DB: 1) | 200 OK [http://localhost/chains]


Processing ChainsController#index (for 127.0.0.1 at 2009-06-07 22:03:17) [GET]
  [4;35;1mChain Load (0.5ms)[0m   [0mSELECT * FROM "chains" [0m
Rendering template within layouts/application
Rendering chains/index
Completed in 11ms (View: 6, DB: 0) | 200 OK [http://localhost/chains]


Processing ChainsController#index (for 127.0.0.1 at 2009-06-07 22:03:32) [GET]
  [4;36;1mChain Load (0.6ms)[0m   [0;1mSELECT * FROM "chains" [0m
Rendering template within layouts/application
Rendering chains/index
Completed in 16ms (View: 8, DB: 1) | 200 OK [http://localhost/chains]


Processing ChainsController#index (for 127.0.0.1 at 2009-06-07 22:03:44) [GET]
  [4;35;1mChain Load (0.7ms)[0m   [0mSELECT * FROM "chains" [0m
Rendering template within layouts/application
Rendering chains/index
Completed in 11ms (View: 6, DB: 1) | 200 OK [http://localhost/chains]


Processing ChainsController#new (for 127.0.0.1 at 2009-06-07 22:04:03) [GET]
Rendering template within layouts/application
Rendering chains/new
Completed in 16ms (View: 9, DB: 0) | 200 OK [http://localhost/chains/new]


Processing ChainsController#create (for 127.0.0.1 at 2009-06-07 22:04:13) [POST]
  Parameters: {"chain"=>{"title"=>"KFC", "description"=>"Kentucky Fried Chicken"}, "commit"=>"Create", "authenticity_token"=>"rOfVGdiwdd5HAGf6HJL+Yq28I2nkoSiij4H7HCIpNsM="}
  [4;36;1mChain Create (21.5ms)[0m   [0;1mINSERT INTO "chains" ("updated_at", "title", "description", "created_at") VALUES('2009-06-07 20:04:13', 'KFC', 'Kentucky Fried Chicken', '2009-06-07 20:04:13')[0m
Redirected to http://localhost:3000/chains/2
Completed in 78ms (DB: 22) | 302 Found [http://localhost/chains]


Processing ChainsController#show (for 127.0.0.1 at 2009-06-07 22:04:13) [GET]
  Parameters: {"id"=>"2"}
  [4;35;1mChain Load (0.2ms)[0m   [0mSELECT * FROM "chains" WHERE ("chains"."id" = 2) [0m
Rendering template within layouts/application
Rendering chains/show
Completed in 9ms (View: 2, DB: 0) | 200 OK [http://localhost/chains/2]


Processing ChainsController#index (for 127.0.0.1 at 2009-06-07 22:04:15) [GET]
  [4;36;1mChain Load (0.7ms)[0m   [0;1mSELECT * FROM "chains" [0m
Rendering template within layouts/application
Rendering chains/index
Completed in 16ms (View: 9, DB: 1) | 200 OK [http://localhost/chains]


Processing ChainsController#new (for 127.0.0.1 at 2009-06-07 22:04:18) [GET]
Rendering template within layouts/application
Rendering chains/new
Completed in 9ms (View: 3, DB: 0) | 200 OK [http://localhost/chains/new]


Processing ChainsController#create (for 127.0.0.1 at 2009-06-07 22:04:28) [POST]
  Parameters: {"chain"=>{"title"=>"Doppio Zero", "description"=>"Doppio Zero"}, "commit"=>"Create", "authenticity_token"=>"rOfVGdiwdd5HAGf6HJL+Yq28I2nkoSiij4H7HCIpNsM="}
  [4;35;1mChain Create (0.6ms)[0m   [0mINSERT INTO "chains" ("updated_at", "title", "description", "created_at") VALUES('2009-06-07 20:04:28', 'Doppio Zero', 'Doppio Zero', '2009-06-07 20:04:28')[0m
Redirected to http://localhost:3000/chains/3
Completed in 16ms (DB: 1) | 302 Found [http://localhost/chains]


Processing ChainsController#show (for 127.0.0.1 at 2009-06-07 22:04:28) [GET]
  Parameters: {"id"=>"3"}
  [4;36;1mChain Load (0.3ms)[0m   [0;1mSELECT * FROM "chains" WHERE ("chains"."id" = 3) [0m
Rendering template within layouts/application
Rendering chains/show
Completed in 12ms (View: 4, DB: 0) | 200 OK [http://localhost/chains/3]


Processing ChainsController#index (for 127.0.0.1 at 2009-06-07 22:04:29) [GET]
  [4;35;1mChain Load (0.8ms)[0m   [0mSELECT * FROM "chains" [0m
Rendering template within layouts/application
Rendering chains/index
Completed in 16ms (View: 9, DB: 1) | 200 OK [http://localhost/chains]


Processing ChainsController#index (for 127.0.0.1 at 2009-06-07 22:04:58) [GET]
  [4;36;1mChain Load (0.6ms)[0m   [0;1mSELECT * FROM "chains" [0m
Rendering template within layouts/application
Rendering chains/index
Completed in 13ms (View: 7, DB: 1) | 200 OK [http://localhost/chains]


Processing ChainsController#index (for 127.0.0.1 at 2009-06-07 22:06:00) [GET]
  [4;35;1mChain Load (1.1ms)[0m   [0mSELECT * FROM "chains" [0m
Rendering template within layouts/application
Rendering chains/index
Completed in 21ms (View: 12, DB: 1) | 200 OK [http://localhost/chains]


Processing ChainsController#index (for 127.0.0.1 at 2009-06-07 22:06:22) [GET]
  [4;36;1mChain Load (0.6ms)[0m   [0;1mSELECT * FROM "chains" [0m
Rendering template within layouts/application
Rendering chains/index
Completed in 12ms (View: 6, DB: 1) | 200 OK [http://localhost/chains]


Processing ChainsController#index (for 127.0.0.1 at 2009-06-07 22:06:59) [GET]
  [4;35;1mChain Load (1.8ms)[0m   [0mSELECT * FROM "chains" [0m
Rendering template within layouts/application
Rendering chains/index
Completed in 18ms (View: 9, DB: 2) | 200 OK [http://localhost/chains]


Processing ChainsController#index (for 127.0.0.1 at 2009-06-07 22:08:48) [GET]
  [4;36;1mChain Load (0.6ms)[0m   [0;1mSELECT * FROM "chains" [0m
Rendering template within layouts/application
Rendering chains/index
Completed in 101ms (View: 95, DB: 1) | 200 OK [http://localhost/chains]


Processing ChainsController#index (for 127.0.0.1 at 2009-06-07 22:08:50) [GET]
  [4;35;1mChain Load (0.6ms)[0m   [0mSELECT * FROM "chains" [0m
Rendering template within layouts/application
Rendering chains/index
Completed in 12ms (View: 7, DB: 1) | 200 OK [http://localhost/chains]


Processing ChainsController#index (for 127.0.0.1 at 2009-06-07 22:08:57) [GET]
  [4;36;1mChain Load (0.6ms)[0m   [0;1mSELECT * FROM "chains" [0m
Rendering template within layouts/application
Rendering chains/index
Completed in 12ms (View: 6, DB: 1) | 200 OK [http://localhost/chains]


Processing ChainsController#index (for 127.0.0.1 at 2009-06-07 22:09:14) [GET]
  [4;35;1mChain Load (0.7ms)[0m   [0mSELECT * FROM "chains" [0m
Rendering template within layouts/application
Rendering chains/index
Completed in 15ms (View: 7, DB: 1) | 200 OK [http://localhost/chains]


Processing ChainsController#index (for 127.0.0.1 at 2009-06-07 22:09:22) [GET]
  [4;36;1mChain Load (1.0ms)[0m   [0;1mSELECT * FROM "chains" [0m
Rendering template within layouts/application
Rendering chains/index
Completed in 15ms (View: 9, DB: 1) | 200 OK [http://localhost/chains]


Processing ChainsController#index (for 127.0.0.1 at 2009-06-07 22:10:12) [GET]
  [4;35;1mChain Load (0.6ms)[0m   [0mSELECT * FROM "chains" [0m
Rendering template within layouts/application
Rendering chains/index
Completed in 38ms (View: 17, DB: 1) | 200 OK [http://localhost/chains]


Processing ChainsController#index (for 192.168.0.106 at 2009-06-07 22:10:38) [GET]
  [4;36;1mChain Load (0.6ms)[0m   [0;1mSELECT * FROM "chains" [0m
Rendering template within layouts/application
Rendering chains/index
Completed in 12ms (View: 6, DB: 1) | 200 OK [http://192.168.0.139/chains]


Processing ChainsController#index (for 127.0.0.1 at 2009-06-07 22:11:07) [GET]
  [4;35;1mChain Load (0.6ms)[0m   [0mSELECT * FROM "chains" [0m
Rendering template within layouts/application
Rendering chains/index
Completed in 12ms (View: 7, DB: 1) | 200 OK [http://localhost/chains]


Processing ChainsController#index (for 127.0.0.1 at 2009-06-07 22:11:21) [GET]
  [4;36;1mChain Load (0.7ms)[0m   [0;1mSELECT * FROM "chains" [0m
Rendering template within layouts/application
Rendering chains/index
Completed in 15ms (View: 8, DB: 1) | 200 OK [http://localhost/chains]


Processing ChainsController#index (for 127.0.0.1 at 2009-06-07 22:11:23) [GET]
  [4;35;1mChain Load (0.8ms)[0m   [0mSELECT * FROM "chains" [0m
Rendering template within layouts/application
Rendering chains/index
Completed in 16ms (View: 9, DB: 1) | 200 OK [http://localhost/chains]


Processing ChainsController#index (for 192.168.0.106 at 2009-06-07 22:11:25) [GET]
  [4;36;1mChain Load (0.6ms)[0m   [0;1mSELECT * FROM "chains" [0m
Rendering template within layouts/application
Rendering chains/index
Completed in 13ms (View: 7, DB: 1) | 200 OK [http://192.168.0.139/chains]


Processing ChainsController#index (for 127.0.0.1 at 2009-06-07 22:12:13) [GET]
  [4;35;1mChain Load (0.8ms)[0m   [0mSELECT * FROM "chains" [0m
Rendering template within layouts/application
Rendering chains/index
Completed in 16ms (View: 9, DB: 1) | 200 OK [http://localhost/chains]


Processing ChainsController#index (for 192.168.0.106 at 2009-06-07 22:12:31) [GET]
  [4;36;1mChain Load (0.6ms)[0m   [0;1mSELECT * FROM "chains" [0m
Rendering template within layouts/application
Rendering chains/index
Completed in 12ms (View: 7, DB: 1) | 200 OK [http://192.168.0.139/chains]
